Added Component: Designator=U6(EMW3165)
Added Pin To Net: NetName=E_TX Pin=U6-8
Added Pin To Net: NetName=E_LINK Pin=U6-9
Added Pin To Net: NetName=VCC3V3 Pin=U6-10
Added Pin To Net: NetName=E_RX Pin=U6-12
Added Pin To Net: NetName=E_RST Pin=U6-13
Added Pin To Net: NetName=GND Pin=U6-20
Added Pin To Net: NetName=GND Pin=U6-21
Added Pin To Net: NetName=NetP8_3 Pin=U6-25
Added Pin To Net: NetName=NetP8_4 Pin=U6-26
Added Pin To Net: NetName=TX3 Pin=U6-29
Added Pin To Net: NetName=RX3 Pin=U6-30
Added Pin To Net: NetName=NetLED3_2 Pin=U6-31
Added Pin To Net: NetName=NetLED2_2 Pin=U6-33
Added Pin To Net: NetName=BOOT Pin=U6-36
Added Pin To Net: NetName=STATUS Pin=U6-37
Added Pin To Net: NetName=VCC3V3 Pin=U6-39
Added Pin To Net: NetName=VCC3V3 Pin=U6-40
Added Member To Class: ClassName=U_Intelligent_Agriculture_Wifi Member=Component U6 EMW3165
Added Room: Name=U_Intelligent_Agriculture
Added Room: Name=U_Intelligent_Agriculture_Wifi
